10:06:00.898 [Test worker] INFO  com.intuit.karate.Runner - waiting for parallel features to complete ...
10:06:01.313 [pool-1-thread-2] INFO  com.intuit.karate.Runner - <<fail>> feature 7 of 8: classpath:notifications/functional/collections/delete-collection.feature
10:06:01.313 [pool-1-thread-5] INFO  com.intuit.karate.Runner - <<fail>> feature 5 of 8: classpath:notifications/functional/collections/put-update-collection.feature
10:06:01.313 [pool-1-thread-3] INFO  com.intuit.karate.Runner - <<fail>> feature 3 of 8: classpath:notifications/functional/accounts/get-subscription-types.feature
10:06:01.313 [pool-1-thread-4] INFO  com.intuit.karate.Runner - <<fail>> feature 4 of 8: classpath:notifications/functional/collections/post-create-collection.feature
10:06:02.074 [ForkJoinPool-1-worker-5] ERROR com.intuit.karate - status code was: 404, expected: 200, response time: 560, url: https://api-staging2.yalochat.com/notifications/api/v1/collections, response: {"errors":{"detail":"Page not found"}}
10:06:02.074 [ForkJoinPool-1-worker-9] ERROR com.intuit.karate - status code was: 404, expected: 200, response time: 558, url: https://api-staging2.yalochat.com/notifications/api/v1/collections, response: {"errors":{"detail":"Page not found"}}
10:06:02.080 [pool-1-thread-1] INFO  com.intuit.karate.Runner - <<fail>> feature 6 of 8: classpath:notifications/functional/collections/get-all-collections.feature
10:06:02.080 [pool-1-thread-5] INFO  com.intuit.karate.Runner - <<fail>> feature 8 of 8: classpath:notifications/functional/collections/get-single-collection.feature
10:07:03.824 [Test worker] INFO  com.intuit.karate.Runner - waiting for parallel features to complete ...
10:07:04.169 [pool-1-thread-3] INFO  com.intuit.karate.Runner - <<fail>> feature 3 of 3: classpath:notifications/functional/accounts/get-subscription-types.feature
10:08:38.964 [Test worker] INFO  com.intuit.karate.Runner - waiting for parallel features to complete ...
10:08:39.984 [ForkJoinPool-1-worker-3] ERROR com.intuit.karate - status code was: 404, expected: 200, response time: 558, url: https://api-staging2.yalochat.com/notifications/api/v1/sirena/bots/mc-staging2/subscription-types, response: {"errors":{"detail":"Page not found"}}
10:08:40.076 [pool-1-thread-3] INFO  com.intuit.karate.Runner - <<fail>> feature 3 of 3: classpath:notifications/functional/accounts/get-subscription-types.feature
10:10:19.530 [Test worker] INFO  com.intuit.karate.Runner - waiting for parallel features to complete ...
10:10:20.568 [ForkJoinPool-1-worker-3] ERROR com.intuit.karate - assertion failed: path: $[0], actual: {"handler":{"type":"WHATSAPP_NOTIFICATION"},"account_id":"sirena","updated_at":"2020-04-17T19:44:07.083Z","name":"mc staging2","channel":"WHATSAPP","description":"mc staging 2","created_at":"2020-01-27T02:40:33.514Z","bot_slug":"mc-staging2","id":"5e2e4da1ee7c5c0001505430","waba_id":""}, expected: {data=[{"waba_id":"#string","updated_at":"#regex d{4}-d{2}-d{2}Td{2}:d{2}:d{2}.d{3}Z","name":"#string","id":"#regex [a-z0-9]{24}","handler":{"type":"#string"},"description":"#string","created_at":"#regex d{4}-d{2}-d{2}Td{2}:d{2}:d{2}.d{3}Z","channel":"#string","bot_slug":"#string","account_id":"#string"}]}, reason: actual value has 9 more key(s) than expected: {handler={"type":"WHATSAPP_NOTIFICATION"}, account_id=sirena, updated_at=2020-04-17T19:44:07.083Z, name=mc staging2, channel=WHATSAPP, description=mc staging 2, created_at=2020-01-27T02:40:33.514Z, bot_slug=mc-staging2, id=5e2e4da1ee7c5c0001505430, waba_id=}
10:10:20.649 [pool-1-thread-3] INFO  com.intuit.karate.Runner - <<fail>> feature 3 of 3: classpath:notifications/functional/accounts/get-subscription-types.feature
10:12:10.264 [Test worker] INFO  com.intuit.karate.Runner - waiting for parallel features to complete ...
10:12:11.203 [pool-1-thread-3] INFO  com.intuit.karate.Runner - <<pass>> feature 3 of 3: classpath:notifications/functional/accounts/get-subscription-types.feature
10:13:57.354 [Test worker] INFO  com.intuit.karate.Runner - waiting for parallel features to complete ...
10:13:58.417 [pool-1-thread-3] INFO  com.intuit.karate.Runner - <<fail>> feature 3 of 3: classpath:notifications/functional/accounts/get-subscription-types.feature
10:14:44.633 [Test worker] INFO  com.intuit.karate.Runner - waiting for parallel features to complete ...
10:14:46.224 [ForkJoinPool-1-worker-3] ERROR com.intuit.karate - assertion failed: path: $[0].updated_at, actual: '2020-04-17T19:44:07.083Z', expected: '#regex d{4}-d{2}-d{2}Td{2}:d{2}:d{2}.d{3}Z', reason: regex match failed
10:14:46.326 [pool-1-thread-3] INFO  com.intuit.karate.Runner - <<fail>> feature 3 of 3: classpath:notifications/functional/accounts/get-subscription-types.feature
10:16:22.389 [Test worker] INFO  com.intuit.karate.Runner - waiting for parallel features to complete ...
10:16:24.538 [pool-1-thread-3] INFO  com.intuit.karate.Runner - <<pass>> feature 3 of 3: classpath:notifications/functional/accounts/get-subscription-types.feature
10:35:01.831 [Test worker] INFO  com.intuit.karate.RunnerOptions - found system property 'karate.options': --tags @getSubscriptionTypes
10:35:02.427 [Test worker] INFO  com.intuit.karate.Runner - waiting for parallel features to complete ...
10:35:03.363 [pool-1-thread-3] INFO  com.intuit.karate.Runner - <<pass>> feature 3 of 3: classpath:notifications/functional/accounts/get-subscription-types.feature
10:46:20.819 [Test worker] INFO  com.intuit.karate.RunnerOptions - found system property 'karate.options': --tags @getSubscriptionTypes
10:46:21.368 [Test worker] INFO  com.intuit.karate.Runner - waiting for parallel features to complete ...
10:46:22.121 [pool-1-thread-3] INFO  com.intuit.karate.Runner - <<pass>> feature 3 of 3: classpath:notifications/functional/accounts/get-subscription-types.feature
11:06:12.821 [Test worker] INFO  com.intuit.karate.RunnerOptions - found system property 'karate.options': --tags @@getAccounts
11:06:13.393 [Test worker] INFO  com.intuit.karate.Runner - waiting for parallel features to complete ...
11:06:18.600 [Test worker] INFO  com.intuit.karate.RunnerOptions - found system property 'karate.options': --tags @getAccounts
11:06:19.164 [Test worker] INFO  com.intuit.karate.Runner - waiting for parallel features to complete ...
11:06:19.865 [ForkJoinPool-1-worker-5] ERROR com.intuit.karate - assertion failed: path: $[0], actual: {"handler":{"type":"WHATSAPP_NOTIFICATION"},"account_id":"sirena","updated_at":"2020-04-17T19:44:07.083Z","name":"mc staging2","channel":"WHATSAPP","description":"mc staging 2","created_at":"2020-01-27T02:40:33.514Z","bot_slug":"mc-staging2","id":"5e2e4da1ee7c5c0001505430","waba_id":""}, expected: '#string', reason: not a string
11:06:19.931 [pool-1-thread-1] INFO  com.intuit.karate.Runner - <<pass>> feature 1 of 3: classpath:notifications/functional/accounts/post-bulk-notification.feature
11:06:19.931 [pool-1-thread-3] INFO  com.intuit.karate.Runner - <<fail>> feature 3 of 3: classpath:notifications/functional/accounts/get-accounts.feature
11:07:06.666 [Test worker] INFO  com.intuit.karate.RunnerOptions - found system property 'karate.options': --tags @postBulkNotifications
11:07:07.417 [Test worker] INFO  com.intuit.karate.Runner - waiting for parallel features to complete ...
11:07:08.270 [pool-1-thread-1] INFO  com.intuit.karate.Runner - <<pass>> feature 1 of 3: classpath:notifications/functional/accounts/post-bulk-notification.feature
11:19:21.078 [Test worker] INFO  com.intuit.karate.RunnerOptions - found system property 'karate.options': --tags @postBulkNotifications
11:19:21.686 [Test worker] INFO  com.intuit.karate.Runner - waiting for parallel features to complete ...
11:19:22.488 [pool-1-thread-1] INFO  com.intuit.karate.Runner - <<pass>> feature 1 of 3: classpath:notifications/functional/accounts/post-bulk-notification.feature
11:23:26.152 [Test worker] INFO  com.intuit.karate.RunnerOptions - found system property 'karate.options': --tags @functional
11:23:26.729 [Test worker] INFO  com.intuit.karate.Runner - waiting for parallel features to complete ...
11:23:27.637 [ForkJoinPool-1-worker-7] ERROR com.intuit.karate - assertion failed: path: $[0], actual: {"handler":{"type":"WHATSAPP_NOTIFICATION"},"account_id":"sirena","updated_at":"2020-04-17T19:44:07.083Z","name":"mc staging2","channel":"WHATSAPP","description":"mc staging 2","created_at":"2020-01-27T02:40:33.514Z","bot_slug":"mc-staging2","id":"5e2e4da1ee7c5c0001505430","waba_id":""}, expected: '#string', reason: not a string
11:23:27.697 [pool-1-thread-2] INFO  com.intuit.karate.Runner - <<pass>> feature 2 of 3: classpath:notifications/functional/accounts/get-subscription-types.feature
11:23:27.697 [pool-1-thread-1] INFO  com.intuit.karate.Runner - <<pass>> feature 1 of 3: classpath:notifications/functional/accounts/post-bulk-notification.feature
11:23:27.697 [pool-1-thread-3] INFO  com.intuit.karate.Runner - <<fail>> feature 3 of 3: classpath:notifications/functional/accounts/get-accounts.feature
11:24:26.001 [Test worker] INFO  com.intuit.karate.RunnerOptions - found system property 'karate.options': --tags @functional
11:24:26.628 [Test worker] INFO  com.intuit.karate.Runner - waiting for parallel features to complete ...
11:24:27.603 [pool-1-thread-2] INFO  com.intuit.karate.Runner - <<pass>> feature 2 of 3: classpath:notifications/functional/accounts/get-subscription-types.feature
11:24:27.603 [pool-1-thread-1] INFO  com.intuit.karate.Runner - <<pass>> feature 1 of 3: classpath:notifications/functional/accounts/post-bulk-notification.feature
11:24:27.603 [pool-1-thread-3] INFO  com.intuit.karate.Runner - <<pass>> feature 3 of 3: classpath:notifications/functional/accounts/get-accounts.feature
